# JRE version: Java(TM) SE Runtime Environment (17.0.11+7) (build 17.0.11+7-LTS-207)
# Java VM: Java HotSpot(TM) 64-Bit Server VM (17.0.11+7-LTS-207, mixed mode, sharing, tiered, compressed oops, compressed class ptrs, g1 gc, windows-amd64)
GC Precious Log:
 CPUs: 4 total, 4 available
 Memory: 5978M
 Large Page Support: Disabled
 NUMA Support: Disabled
 Compressed Oops: Enabled (32-bit)
 Heap Region Size: 1M
 Heap Min Capacity: 8M
 Heap Initial Capacity: 94M
 Heap Max Capacity: 1496M
 Pre-touch: Disabled
 Parallel Workers: 4
 Concurrent Workers: 1
 Concurrent Refinement Workers: 4
 Periodic GC: Disabled
Heap:
 garbage-first heap   total 55296K, used 22579K [0x00000000a2800000, 0x0000000100000000)
  region size 1024K, 4 young (4096K), 3 survivors (3072K)
 Metaspace       used 47127K, committed 47552K, reserved 1114112K
  class space    used 6292K, committed 6464K, reserved 1048576K
GC Heap History (18 events):
Event: 0.835 GC heap before
{Heap before GC invocations=0 (full 0):
 garbage-first heap   total 96256K, used 13312K [0x00000000a2800000, 0x0000000100000000)
  region size 1024K, 13 young (13312K), 0 survivors (0K)
 Metaspace       used 3154K, committed 3264K, reserved 1114112K
  class space    used 284K, committed 320K, reserved 1048576K
}
Event: 0.842 GC heap after
{Heap after GC invocations=1 (full 0):
 garbage-first heap   total 96256K, used 6388K [0x00000000a2800000, 0x0000000100000000)
  region size 1024K, 2 young (2048K), 2 survivors (2048K)
 Metaspace       used 3154K, committed 3264K, reserved 1114112K
  class space    used 284K, committed 320K, reserved 1048576K
}
Event: 1.230 GC heap before
{Heap before GC invocations=1 (full 0):
 garbage-first heap   total 96256K, used 16628K [0x00000000a2800000, 0x0000000100000000)
  region size 1024K, 13 young (13312K), 2 survivors (2048K)
 Metaspace       used 6586K, committed 6784K, reserved 1114112K
  class space    used 750K, committed 896K, reserved 1048576K
}
Event: 1.235 GC heap after
{Heap after GC invocations=2 (full 0):
 garbage-first heap   total 96256K, used 7598K [0x00000000a2800000, 0x0000000100000000)
  region size 1024K, 1 young (1024K), 1 survivors (1024K)
 Metaspace       used 6586K, committed 6784K, reserved 1114112K
  class space    used 750K, committed 896K, reserved 1048576K
}
Event: 2.208 GC heap before
{Heap before GC invocations=2 (full 0):
 garbage-first heap   total 96256K, used 30126K [0x00000000a2800000, 0x0000000100000000)
  region size 1024K, 24 young (24576K), 1 survivors (1024K)
 Metaspace       used 12440K, committed 12608K, reserved 1114112K
  class space    used 1499K, committed 1600K, reserved 1048576K
}
Event: 2.213 GC heap after
{Heap after GC invocations=3 (full 0):
 garbage-first heap   total 96256K, used 9407K [0x00000000a2800000, 0x0000000100000000)
  region size 1024K, 3 young (3072K), 3 survivors (3072K)
 Metaspace       used 12440K, committed 12608K, reserved 1114112K
  class space    used 1499K, committed 1600K, reserved 1048576K
}
Event: 4.755 GC heap before
{Heap before GC invocations=3 (full 0):
 garbage-first heap   total 96256K, used 59583K [0x00000000a2800000, 0x0000000100000000)
  region size 1024K, 53 young (54272K), 3 survivors (3072K)
 Metaspace       used 20617K, committed 20928K, reserved 1114112K
  class space    used 2495K, committed 2624K, reserved 1048576K
}
Event: 4.768 GC heap after
{Heap after GC invocations=4 (full 0):
 garbage-first heap   total 96256K, used 13779K [0x00000000a2800000, 0x0000000100000000)
  region size 1024K, 7 young (7168K), 7 survivors (7168K)
 Metaspace       used 20617K, committed 20928K, reserved 1114112K
  class space    used 2495K, committed 2624K, reserved 1048576K
}
Event: 4.940 GC heap before
{Heap before GC invocations=4 (full 0):
 garbage-first heap   total 96256K, used 17875K [0x00000000a2800000, 0x0000000100000000)
  region size 1024K, 12 young (12288K), 7 survivors (7168K)
 Metaspace       used 21221K, committed 21504K, reserved 1114112K
  class space    used 2583K, committed 2752K, reserved 1048576K
}
Event: 4.960 GC heap after
{Heap after GC invocations=5 (full 0):
 garbage-first heap   total 96256K, used 14691K [0x00000000a2800000, 0x0000000100000000)
  region size 1024K, 1 young (1024K), 1 survivors (1024K)
 Metaspace       used 21221K, committed 21504K, reserved 1114112K
  class space    used 2583K, committed 2752K, reserved 1048576K
}
Event: 6.601 GC heap before
{Heap before GC invocations=6 (full 0):
 garbage-first heap   total 55296K, used 45411K [0x00000000a2800000, 0x0000000100000000)
  region size 1024K, 32 young (32768K), 1 survivors (1024K)
 Metaspace       used 26689K, committed 27072K, reserved 1114112K
  class space    used 3393K, committed 3520K, reserved 1048576K
}
Event: 6.611 GC heap after
{Heap after GC invocations=7 (full 0):
 garbage-first heap   total 55296K, used 17261K [0x00000000a2800000, 0x0000000100000000)
  region size 1024K, 4 young (4096K), 4 survivors (4096K)
 Metaspace       used 26689K, committed 27072K, reserved 1114112K
  class space    used 3393K, committed 3520K, reserved 1048576K
}
Event: 7.750 GC heap before
{Heap before GC invocations=7 (full 0):
 garbage-first heap   total 55296K, used 39789K [0x00000000a2800000, 0x0000000100000000)
  region size 1024K, 26 young (26624K), 4 survivors (4096K)
 Metaspace       used 30933K, committed 31296K, reserved 1114112K
  class space    used 3907K, committed 4096K, reserved 1048576K
}
Event: 7.764 GC heap after
{Heap after GC invocations=8 (full 0):
 garbage-first heap   total 55296K, used 18884K [0x00000000a2800000, 0x0000000100000000)
  region size 1024K, 2 young (2048K), 2 survivors (2048K)
 Metaspace       used 30933K, committed 31296K, reserved 1114112K
  class space    used 3907K, committed 4096K, reserved 1048576K
}
Event: 8.539 GC heap before
{Heap before GC invocations=8 (full 0):
 garbage-first heap   total 55296K, used 38340K [0x00000000a2800000, 0x0000000100000000)
  region size 1024K, 22 young (22528K), 2 survivors (2048K)
 Metaspace       used 35669K, committed 36096K, reserved 1114112K
  class space    used 4697K, committed 4864K, reserved 1048576K
}
Event: 8.546 GC heap after
{Heap after GC invocations=9 (full 0):
 garbage-first heap   total 55296K, used 20000K [0x00000000a2800000, 0x0000000100000000)
  region size 1024K, 2 young (2048K), 2 survivors (2048K)
 Metaspace       used 35669K, committed 36096K, reserved 1114112K
  class space    used 4697K, committed 4864K, reserved 1048576K
}
Event: 9.712 GC heap before
{Heap before GC invocations=10 (full 0):
 garbage-first heap   total 55296K, used 40480K [0x00000000a2800000, 0x0000000100000000)
  region size 1024K, 23 young (23552K), 2 survivors (2048K)
 Metaspace       used 41785K, committed 42240K, reserved 1114112K
  class space    used 5521K, committed 5760K, reserved 1048576K
}
Event: 9.719 GC heap after
{Heap after GC invocations=11 (full 0):
 garbage-first heap   total 55296K, used 21361K [0x00000000a2800000, 0x0000000100000000)
  region size 1024K, 3 young (3072K), 3 survivors (3072K)
 Metaspace       used 41785K, committed 42240K, reserved 1114112K
  class space    used 5521K, committed 5760K, reserved 1048576K
}

