# JRE version: OpenJDK Runtime Environment Temurin-17.0.11+9 (17.0.11+9) (build 17.0.11+9)
# Java VM: OpenJDK 64-Bit Server VM Temurin-17.0.11+9 (17.0.11+9, mixed mode, emulated-client, tiered, compressed oops, compressed class ptrs, g1 gc, windows-amd64)
GC Precious Log:
 CPUs: 4 total, 4 available
 Memory: 5978M
 Large Page Support: Disabled
 NUMA Support: Disabled
 Compressed Oops: Enabled (32-bit)
 Heap Region Size: 1M
 Heap Min Capacity: 8M
 Heap Initial Capacity: 94M
 Heap Max Capacity: 1G
 Pre-touch: Disabled
 Parallel Workers: 4
 Concurrent Workers: 1
 Concurrent Refinement Workers: 4
 Periodic GC: Disabled
Heap:
 garbage-first heap   total 95232K, used 37486K [0x00000000c0000000, 0x0000000100000000)
  region size 1024K, 1 young (1024K), 0 survivors (0K)
 Metaspace       used 61932K, committed 62464K, reserved 1114112K
  class space    used 7572K, committed 7808K, reserved 1048576K
GC Heap History (20 events):
Event: 175108.657 GC heap before
{Heap before GC invocations=12738 (full 12677):
 garbage-first heap   total 95232K, used 37486K [0x00000000c0000000, 0x0000000100000000)
  region size 1024K, 1 young (1024K), 0 survivors (0K)
 Metaspace       used 61932K, committed 62464K, reserved 1114112K
  class space    used 7572K, committed 7808K, reserved 1048576K
}
Event: 175108.711 GC heap after
{Heap after GC invocations=12739 (full 12678):
 garbage-first heap   total 95232K, used 37486K [0x00000000c0000000, 0x0000000100000000)
  region size 1024K, 0 young (0K), 0 survivors (0K)
 Metaspace       used 61932K, committed 62464K, reserved 1114112K
  class space    used 7572K, committed 7808K, reserved 1048576K
}
Event: 175118.901 GC heap before
{Heap before GC invocations=12739 (full 12678):
 garbage-first heap   total 95232K, used 37486K [0x00000000c0000000, 0x0000000100000000)
  region size 1024K, 1 young (1024K), 0 survivors (0K)
 Metaspace       used 61932K, committed 62464K, reserved 1114112K
  class space    used 7572K, committed 7808K, reserved 1048576K
}
Event: 175118.970 GC heap after
{Heap after GC invocations=12740 (full 12679):
 garbage-first heap   total 95232K, used 37486K [0x00000000c0000000, 0x0000000100000000)
  region size 1024K, 0 young (0K), 0 survivors (0K)
 Metaspace       used 61932K, committed 62464K, reserved 1114112K
  class space    used 7572K, committed 7808K, reserved 1048576K
}
Event: 175129.312 GC heap before
{Heap before GC invocations=12740 (full 12679):
 garbage-first heap   total 95232K, used 37486K [0x00000000c0000000, 0x0000000100000000)
  region size 1024K, 1 young (1024K), 0 survivors (0K)
 Metaspace       used 61932K, committed 62464K, reserved 1114112K
  class space    used 7572K, committed 7808K, reserved 1048576K
}
Event: 175129.379 GC heap after
{Heap after GC invocations=12741 (full 12680):
 garbage-first heap   total 95232K, used 37486K [0x00000000c0000000, 0x0000000100000000)
  region size 1024K, 0 young (0K), 0 survivors (0K)
 Metaspace       used 61932K, committed 62464K, reserved 1114112K
  class space    used 7572K, committed 7808K, reserved 1048576K
}
Event: 175139.633 GC heap before
{Heap before GC invocations=12741 (full 12680):
 garbage-first heap   total 95232K, used 37486K [0x00000000c0000000, 0x0000000100000000)
  region size 1024K, 1 young (1024K), 0 survivors (0K)
 Metaspace       used 61932K, committed 62464K, reserved 1114112K
  class space    used 7572K, committed 7808K, reserved 1048576K
}
Event: 175139.697 GC heap after
{Heap after GC invocations=12742 (full 12681):
 garbage-first heap   total 95232K, used 37486K [0x00000000c0000000, 0x0000000100000000)
  region size 1024K, 0 young (0K), 0 survivors (0K)
 Metaspace       used 61932K, committed 62464K, reserved 1114112K
  class space    used 7572K, committed 7808K, reserved 1048576K
}
Event: 175150.483 GC heap before
{Heap before GC invocations=12742 (full 12681):
 garbage-first heap   total 95232K, used 37486K [0x00000000c0000000, 0x0000000100000000)
  region size 1024K, 1 young (1024K), 0 survivors (0K)
 Metaspace       used 61932K, committed 62464K, reserved 1114112K
  class space    used 7572K, committed 7808K, reserved 1048576K
}
Event: 175150.568 GC heap after
{Heap after GC invocations=12743 (full 12682):
 garbage-first heap   total 95232K, used 37486K [0x00000000c0000000, 0x0000000100000000)
  region size 1024K, 0 young (0K), 0 survivors (0K)
 Metaspace       used 61932K, committed 62464K, reserved 1114112K
  class space    used 7572K, committed 7808K, reserved 1048576K
}
Event: 175161.333 GC heap before
{Heap before GC invocations=12743 (full 12682):
 garbage-first heap   total 95232K, used 37486K [0x00000000c0000000, 0x0000000100000000)
  region size 1024K, 1 young (1024K), 0 survivors (0K)
 Metaspace       used 61932K, committed 62464K, reserved 1114112K
  class space    used 7572K, committed 7808K, reserved 1048576K
}
Event: 175161.395 GC heap after
{Heap after GC invocations=12744 (full 12683):
 garbage-first heap   total 95232K, used 37486K [0x00000000c0000000, 0x0000000100000000)
  region size 1024K, 0 young (0K), 0 survivors (0K)
 Metaspace       used 61932K, committed 62464K, reserved 1114112K
  class space    used 7572K, committed 7808K, reserved 1048576K
}
Event: 175172.082 GC heap before
{Heap before GC invocations=12744 (full 12683):
 garbage-first heap   total 95232K, used 37486K [0x00000000c0000000, 0x0000000100000000)
  region size 1024K, 1 young (1024K), 0 survivors (0K)
 Metaspace       used 61932K, committed 62464K, reserved 1114112K
  class space    used 7572K, committed 7808K, reserved 1048576K
}
Event: 175172.143 GC heap after
{Heap after GC invocations=12745 (full 12684):
 garbage-first heap   total 95232K, used 37486K [0x00000000c0000000, 0x0000000100000000)
  region size 1024K, 0 young (0K), 0 survivors (0K)
 Metaspace       used 61932K, committed 62464K, reserved 1114112K
  class space    used 7572K, committed 7808K, reserved 1048576K
}
Event: 175182.366 GC heap before
{Heap before GC invocations=12745 (full 12684):
 garbage-first heap   total 95232K, used 37486K [0x00000000c0000000, 0x0000000100000000)
  region size 1024K, 1 young (1024K), 0 survivors (0K)
 Metaspace       used 61932K, committed 62464K, reserved 1114112K
  class space    used 7572K, committed 7808K, reserved 1048576K
}
Event: 175182.427 GC heap after
{Heap after GC invocations=12746 (full 12685):
 garbage-first heap   total 95232K, used 37486K [0x00000000c0000000, 0x0000000100000000)
  region size 1024K, 0 young (0K), 0 survivors (0K)
 Metaspace       used 61932K, committed 62464K, reserved 1114112K
  class space    used 7572K, committed 7808K, reserved 1048576K
}
Event: 175192.673 GC heap before
{Heap before GC invocations=12746 (full 12685):
 garbage-first heap   total 95232K, used 37486K [0x00000000c0000000, 0x0000000100000000)
  region size 1024K, 1 young (1024K), 0 survivors (0K)
 Metaspace       used 61932K, committed 62464K, reserved 1114112K
  class space    used 7572K, committed 7808K, reserved 1048576K
}
Event: 175192.729 GC heap after
{Heap after GC invocations=12747 (full 12686):
 garbage-first heap   total 95232K, used 37486K [0x00000000c0000000, 0x0000000100000000)
  region size 1024K, 0 young (0K), 0 survivors (0K)
 Metaspace       used 61932K, committed 62464K, reserved 1114112K
  class space    used 7572K, committed 7808K, reserved 1048576K
}
Event: 175202.902 GC heap before
{Heap before GC invocations=12747 (full 12686):
 garbage-first heap   total 95232K, used 37486K [0x00000000c0000000, 0x0000000100000000)
  region size 1024K, 1 young (1024K), 0 survivors (0K)
 Metaspace       used 61932K, committed 62464K, reserved 1114112K
  class space    used 7572K, committed 7808K, reserved 1048576K
}
Event: 175202.950 GC heap after
{Heap after GC invocations=12748 (full 12687):
 garbage-first heap   total 95232K, used 37486K [0x00000000c0000000, 0x0000000100000000)
  region size 1024K, 0 young (0K), 0 survivors (0K)
 Metaspace       used 61932K, committed 62464K, reserved 1114112K
  class space    used 7572K, committed 7808K, reserved 1048576K
}

